2021/08/19 12:21:45 [emerg] 1#1: open() "/log/cms.access.log" failed (2: No such file or directory)
2021/08/19 12:21:51 [emerg] 1#1: open() "/log/cms.access.log" failed (2: No such file or directory)
2021/08/19 12:21:58 [emerg] 1#1: open() "/log/cms.access.log" failed (2: No such file or directory)
2021/08/19 12:22:04 [emerg] 1#1: open() "/log/cms.access.log" failed (2: No such file or directory)
2021/08/19 12:22:10 [emerg] 1#1: open() "/log/cms.access.log" failed (2: No such file or directory)
2021/08/19 12:22:18 [emerg] 1#1: open() "/log/cms.access.log" failed (2: No such file or directory)
2021/08/19 12:22:25 [emerg] 1#1: open() "/log/cms.access.log" failed (2: No such file or directory)
2021/08/19 12:22:36 [emerg] 1#1: open() "/log/cms.access.log" failed (2: No such file or directory)
2021/08/19 12:22:53 [emerg] 1#1: open() "/log/cms.access.log" failed (2: No such file or directory)
2021/08/19 12:23:22 [emerg] 1#1: open() "/log/cms.access.log" failed (2: No such file or directory)
2021/08/19 12:32:50 [emerg] 1#1: open() "/log/cms.access.log" failed (2: No such file or directory)
2021/08/19 12:32:54 [emerg] 1#1: open() "/log/cms.access.log" failed (2: No such file or directory)
2021/08/19 12:32:58 [emerg] 1#1: open() "/log/cms.access.log" failed (2: No such file or directory)
2021/08/19 12:33:03 [emerg] 1#1: open() "/log/cms.access.log" failed (2: No such file or directory)
2021/08/19 12:33:07 [emerg] 1#1: open() "/log/cms.access.log" failed (2: No such file or directory)
2021/08/19 12:34:32 [emerg] 1#1: open() "/log/cms.access.log" failed (2: No such file or directory)
2021/08/19 12:34:36 [emerg] 1#1: open() "/log/cms.access.log" failed (2: No such file or directory)
2021/08/19 12:34:41 [emerg] 1#1: open() "/log/cms.access.log" failed (2: No such file or directory)
2021/08/19 12:34:45 [emerg] 1#1: open() "/log/cms.access.log" failed (2: No such file or directory)
2021/08/19 12:34:49 [emerg] 1#1: open() "/log/cms.access.log" failed (2: No such file or directory)
2021/08/19 12:34:54 [emerg] 1#1: open() "/log/cms.access.log" failed (2: No such file or directory)
2021/08/19 12:35:00 [emerg] 1#1: open() "/log/cms.access.log" failed (2: No such file or directory)
2021/08/19 12:35:10 [emerg] 1#1: open() "/log/cms.access.log" failed (2: No such file or directory)
2021/08/19 12:35:26 [emerg] 1#1: open() "/log/cms.access.log" failed (2: No such file or directory)
2021/08/19 12:36:13 [emerg] 1#1: open() "/log/cms.access.log" failed (2: No such file or directory)
2021/08/19 12:36:17 [emerg] 1#1: open() "/log/cms.access.log" failed (2: No such file or directory)
2021/08/19 12:36:22 [emerg] 1#1: open() "/log/cms.access.log" failed (2: No such file or directory)
2021/08/19 12:36:26 [emerg] 1#1: open() "/log/cms.access.log" failed (2: No such file or directory)
2021/08/19 12:36:30 [emerg] 1#1: open() "/log/cms.access.log" failed (2: No such file or directory)
2021/08/19 12:36:35 [emerg] 1#1: open() "/log/cms.access.log" failed (2: No such file or directory)
2021/08/19 12:36:42 [emerg] 1#1: open() "/log/cms.access.log" failed (2: No such file or directory)
2021/08/19 12:36:52 [emerg] 1#1: open() "/log/cms.access.log" failed (2: No such file or directory)
2021/08/19 12:37:08 [emerg] 1#1: open() "/log/cms.access.log" failed (2: No such file or directory)
2021/08/19 12:37:37 [emerg] 1#1: open() "/log/cms.access.log" failed (2: No such file or directory)
2021/08/19 12:38:31 [emerg] 1#1: open() "/log/cms.access.log" failed (2: No such file or directory)
2021/08/19 12:39:34 [emerg] 1#1: open() "/log/cms.access.log" failed (2: No such file or directory)
2021/08/19 12:44:12 [emerg] 1#1: open() "/log/cms.access.log" failed (2: No such file or directory)
2021/08/19 12:44:17 [emerg] 1#1: open() "/log/cms.access.log" failed (2: No such file or directory)
2021/08/19 12:44:21 [emerg] 1#1: open() "/log/cms.access.log" failed (2: No such file or directory)
2021/08/19 12:44:26 [emerg] 1#1: open() "/log/cms.access.log" failed (2: No such file or directory)
2021/08/19 12:48:27 [emerg] 1#1: open() "/log/cms.access.log" failed (2: No such file or directory)
2021/08/19 12:48:32 [emerg] 1#1: open() "/log/cms.access.log" failed (2: No such file or directory)
2021/08/19 12:48:36 [emerg] 1#1: open() "/log/cms.access.log" failed (2: No such file or directory)
2021/08/19 12:48:40 [emerg] 1#1: open() "/log/cms.access.log" failed (2: No such file or directory)
2021/08/19 12:48:44 [emerg] 1#1: open() "/log/cms.access.log" failed (2: No such file or directory)
2021/08/19 12:48:49 [emerg] 1#1: open() "/log/cms.access.log" failed (2: No such file or directory)
2021/08/19 12:48:55 [emerg] 1#1: open() "/log/cms.access.log" failed (2: No such file or directory)
2021/08/19 12:49:05 [emerg] 1#1: open() "/log/cms.access.log" failed (2: No such file or directory)
2021/08/19 12:49:21 [emerg] 1#1: open() "/log/cms.access.log" failed (2: No such file or directory)
2021/08/19 12:49:50 [emerg] 1#1: open() "/log/cms.access.log" failed (2: No such file or directory)
2021/08/19 12:51:03 [emerg] 1#1: open() "/log/cms.access.log" failed (2: No such file or directory)
2021/08/19 12:51:08 [emerg] 1#1: open() "/log/cms.access.log" failed (2: No such file or directory)
2021/08/19 12:51:12 [emerg] 1#1: open() "/log/cms.access.log" failed (2: No such file or directory)
2021/08/19 12:51:16 [emerg] 1#1: open() "/log/cms.access.log" failed (2: No such file or directory)
2021/08/19 12:51:21 [emerg] 1#1: open() "/log/cms.access.log" failed (2: No such file or directory)
2021/08/19 12:51:25 [emerg] 1#1: open() "/log/cms.access.log" failed (2: No such file or directory)
2021/08/19 12:51:32 [emerg] 1#1: open() "/log/cms.access.log" failed (2: No such file or directory)
2021/08/19 12:51:41 [emerg] 1#1: open() "/log/cms.access.log" failed (2: No such file or directory)
2021/08/19 12:51:57 [emerg] 1#1: open() "/log/cms.access.log" failed (2: No such file or directory)
2021/08/19 12:52:26 [emerg] 1#1: open() "/log/cms.access.log" failed (2: No such file or directory)
2021/08/19 12:53:21 [emerg] 1#1: open() "/log/cms.access.log" failed (2: No such file or directory)
2021/08/19 12:54:24 [emerg] 1#1: open() "/log/cms.access.log" failed (2: No such file or directory)
2021/08/19 12:55:27 [emerg] 1#1: open() "/log/cms.access.log" failed (2: No such file or directory)
2021/08/19 12:56:30 [emerg] 1#1: open() "/log/cms.access.log" failed (2: No such file or directory)
2021/08/19 12:57:43 [emerg] 1#1: open() "/log/cms.access.log" failed (2: No such file or directory)
2021/08/19 12:57:47 [emerg] 1#1: open() "/log/cms.access.log" failed (2: No such file or directory)
2021/08/19 12:57:51 [emerg] 1#1: open() "/log/cms.access.log" failed (2: No such file or directory)
2021/08/19 12:57:56 [emerg] 1#1: open() "/log/cms.access.log" failed (2: No such file or directory)
2021/08/19 12:58:00 [emerg] 1#1: open() "/log/cms.access.log" failed (2: No such file or directory)
2021/08/19 12:58:05 [emerg] 1#1: open() "/log/cms.access.log" failed (2: No such file or directory)
2021/08/19 12:58:11 [emerg] 1#1: open() "/log/cms.access.log" failed (2: No such file or directory)
2021/08/19 12:58:21 [emerg] 1#1: open() "/log/cms.access.log" failed (2: No such file or directory)
2021/08/19 12:58:37 [emerg] 1#1: open() "/log/cms.access.log" failed (2: No such file or directory)
2021/08/19 12:59:05 [emerg] 1#1: open() "/log/cms.access.log" failed (2: No such file or directory)
2021/08/19 13:00:00 [emerg] 1#1: open() "/log/cms.access.log" failed (2: No such file or directory)
2021/08/19 13:01:03 [emerg] 1#1: open() "/log/cms.access.log" failed (2: No such file or directory)
2021/08/19 13:02:06 [emerg] 1#1: open() "/log/cms.access.log" failed (2: No such file or directory)
2021/08/19 13:03:16 [emerg] 1#1: host not found in upstream "flask" in /etc/nginx/conf.d/nginx.conf:6
2021/08/19 13:03:21 [emerg] 1#1: host not found in upstream "flask" in /etc/nginx/conf.d/nginx.conf:6
2021/08/19 13:03:25 [emerg] 1#1: host not found in upstream "flask" in /etc/nginx/conf.d/nginx.conf:6
2021/08/19 13:03:30 [emerg] 1#1: host not found in upstream "flask" in /etc/nginx/conf.d/nginx.conf:6
2021/08/19 13:03:34 [emerg] 1#1: host not found in upstream "flask" in /etc/nginx/conf.d/nginx.conf:6
2021/08/19 13:03:39 [emerg] 1#1: host not found in upstream "flask" in /etc/nginx/conf.d/nginx.conf:6
2021/08/19 13:03:45 [emerg] 1#1: host not found in upstream "flask" in /etc/nginx/conf.d/nginx.conf:6
2021/08/19 13:03:55 [emerg] 1#1: host not found in upstream "flask" in /etc/nginx/conf.d/nginx.conf:6
2021/08/19 13:04:11 [emerg] 1#1: host not found in upstream "flask" in /etc/nginx/conf.d/nginx.conf:6
2021/08/19 13:05:23 [notice] 1#1: using the "epoll" event method
2021/08/19 13:05:23 [notice] 1#1: nginx/1.21.1
2021/08/19 13:05:23 [notice] 1#1: built by gcc 8.3.0 (Debian 8.3.0-6) 
2021/08/19 13:05:23 [notice] 1#1: OS: Linux 5.10.25-linuxkit
2021/08/19 13:05:23 [notice] 1#1: getrlimit(RLIMIT_NOFILE): 1048576:1048576
2021/08/19 13:05:23 [notice] 1#1: start worker processes
2021/08/19 13:05:23 [notice] 1#1: start worker process 23
2021/08/19 13:05:23 [notice] 1#1: start worker process 24
2021/08/19 13:05:23 [notice] 1#1: start worker process 25
2021/08/19 13:05:23 [notice] 1#1: start worker process 26
2021/08/19 13:05:35 [error] 23#23: *1 connect() failed (111: Connection refused) while connecting to upstream, client: 172.28.0.1, server: , request: "GET /universities?country=United%20States HTTP/1.1", upstream: "uwsgi://172.28.0.3:8080", host: "127.0.0.1"
2021/08/19 13:05:46 [error] 23#23: *1 connect() failed (111: Connection refused) while connecting to upstream, client: 172.28.0.1, server: , request: "GET /universities?country=United%20States HTTP/1.1", upstream: "uwsgi://172.28.0.3:8080", host: "127.0.0.1:80"
2021/08/19 13:06:16 [error] 23#23: *1 connect() failed (111: Connection refused) while connecting to upstream, client: 172.28.0.1, server: , request: "GET /universities?country=United%20States HTTP/1.1", upstream: "uwsgi://172.28.0.3:8080", host: "127.0.0.1"
2021/08/19 13:11:16 [notice] 1#1: signal 3 (SIGQUIT) received, shutting down
2021/08/19 13:11:16 [notice] 23#23: gracefully shutting down
2021/08/19 13:11:16 [notice] 24#24: gracefully shutting down
2021/08/19 13:11:16 [notice] 26#26: gracefully shutting down
2021/08/19 13:11:16 [notice] 25#25: gracefully shutting down
2021/08/19 13:11:16 [notice] 25#25: exiting
2021/08/19 13:11:16 [notice] 23#23: exiting
2021/08/19 13:11:16 [notice] 24#24: exiting
2021/08/19 13:11:16 [notice] 26#26: exiting
2021/08/19 13:11:16 [notice] 25#25: exit
2021/08/19 13:11:16 [notice] 23#23: exit
2021/08/19 13:11:16 [notice] 24#24: exit
2021/08/19 13:11:16 [notice] 26#26: exit
2021/08/19 13:11:16 [notice] 1#1: signal 17 (SIGCHLD) received from 25
2021/08/19 13:11:16 [notice] 1#1: worker process 25 exited with code 0
2021/08/19 13:11:16 [notice] 1#1: worker process 23 exited with code 0
2021/08/19 13:11:17 [notice] 1#1: signal 29 (SIGIO) received
2021/08/19 13:11:17 [notice] 1#1: signal 17 (SIGCHLD) received from 23
2021/08/19 13:11:17 [notice] 1#1: signal 17 (SIGCHLD) received from 24
2021/08/19 13:11:17 [notice] 1#1: worker process 24 exited with code 0
2021/08/19 13:11:17 [notice] 1#1: signal 29 (SIGIO) received
2021/08/19 13:11:17 [notice] 1#1: signal 17 (SIGCHLD) received from 26
2021/08/19 13:11:17 [notice] 1#1: worker process 26 exited with code 0
2021/08/19 13:11:17 [notice] 1#1: exit
2021/08/19 13:15:53 [notice] 1#1: using the "epoll" event method
2021/08/19 13:15:53 [notice] 1#1: nginx/1.21.1
2021/08/19 13:15:53 [notice] 1#1: built by gcc 8.3.0 (Debian 8.3.0-6) 
2021/08/19 13:15:53 [notice] 1#1: OS: Linux 5.10.25-linuxkit
2021/08/19 13:15:53 [notice] 1#1: getrlimit(RLIMIT_NOFILE): 1048576:1048576
2021/08/19 13:15:53 [notice] 1#1: start worker processes
2021/08/19 13:15:53 [notice] 1#1: start worker process 23
2021/08/19 13:15:53 [notice] 1#1: start worker process 24
2021/08/19 13:15:53 [notice] 1#1: start worker process 25
2021/08/19 13:15:53 [notice] 1#1: start worker process 26
2021/08/19 14:05:56 [notice] 1#1: signal 3 (SIGQUIT) received, shutting down
2021/08/19 14:05:56 [notice] 23#23: gracefully shutting down
2021/08/19 14:05:56 [notice] 23#23: exiting
2021/08/19 14:05:56 [notice] 24#24: gracefully shutting down
2021/08/19 14:05:56 [notice] 24#24: exiting
2021/08/19 14:05:56 [notice] 26#26: gracefully shutting down
2021/08/19 14:05:56 [notice] 26#26: exiting
2021/08/19 14:05:56 [notice] 25#25: gracefully shutting down
2021/08/19 14:05:56 [notice] 23#23: exit
2021/08/19 14:05:56 [notice] 24#24: exit
2021/08/19 14:05:56 [notice] 26#26: exit
2021/08/19 14:05:56 [notice] 25#25: exiting
2021/08/19 14:05:56 [notice] 25#25: exit
2021/08/19 14:05:56 [notice] 1#1: signal 17 (SIGCHLD) received from 23
2021/08/19 14:05:56 [notice] 1#1: worker process 23 exited with code 0
2021/08/19 14:05:56 [notice] 1#1: signal 29 (SIGIO) received
2021/08/19 14:05:56 [notice] 1#1: signal 17 (SIGCHLD) received from 24
2021/08/19 14:05:56 [notice] 1#1: worker process 24 exited with code 0
2021/08/19 14:05:56 [notice] 1#1: worker process 26 exited with code 0
2021/08/19 14:05:56 [notice] 1#1: signal 29 (SIGIO) received
2021/08/19 14:05:56 [notice] 1#1: signal 17 (SIGCHLD) received from 25
2021/08/19 14:05:56 [notice] 1#1: worker process 25 exited with code 0
2021/08/19 14:05:56 [notice] 1#1: exit
2021/08/19 14:06:39 [notice] 1#1: using the "epoll" event method
2021/08/19 14:06:39 [notice] 1#1: nginx/1.21.1
2021/08/19 14:06:39 [notice] 1#1: built by gcc 8.3.0 (Debian 8.3.0-6) 
2021/08/19 14:06:39 [notice] 1#1: OS: Linux 5.10.25-linuxkit
2021/08/19 14:06:39 [notice] 1#1: getrlimit(RLIMIT_NOFILE): 1048576:1048576
2021/08/19 14:06:39 [notice] 1#1: start worker processes
2021/08/19 14:06:39 [notice] 1#1: start worker process 23
2021/08/19 14:06:39 [notice] 1#1: start worker process 24
2021/08/19 14:06:39 [notice] 1#1: start worker process 25
2021/08/19 14:06:39 [notice] 1#1: start worker process 26
2021/08/21 06:34:44 [notice] 1#1: signal 3 (SIGQUIT) received, shutting down
2021/08/21 06:34:44 [notice] 23#23: gracefully shutting down
2021/08/21 06:34:44 [notice] 24#24: gracefully shutting down
2021/08/21 06:34:44 [notice] 25#25: gracefully shutting down
2021/08/21 06:34:44 [notice] 25#25: exiting
2021/08/21 06:34:44 [notice] 26#26: gracefully shutting down
2021/08/21 06:34:44 [notice] 23#23: exiting
2021/08/21 06:34:44 [notice] 23#23: exit
2021/08/21 06:34:44 [notice] 24#24: exiting
2021/08/21 06:34:44 [notice] 24#24: exit
2021/08/21 06:34:44 [notice] 25#25: exit
2021/08/21 06:34:44 [notice] 26#26: exiting
2021/08/21 06:34:44 [notice] 26#26: exit
2021/08/21 06:34:44 [notice] 1#1: signal 17 (SIGCHLD) received from 23
2021/08/21 06:34:44 [notice] 1#1: worker process 23 exited with code 0
2021/08/21 06:34:44 [notice] 1#1: worker process 24 exited with code 0
2021/08/21 06:34:44 [notice] 1#1: signal 29 (SIGIO) received
2021/08/21 06:34:44 [notice] 1#1: signal 17 (SIGCHLD) received from 24
2021/08/21 06:34:44 [notice] 1#1: signal 17 (SIGCHLD) received from 25
2021/08/21 06:34:44 [notice] 1#1: worker process 25 exited with code 0
2021/08/21 06:34:44 [notice] 1#1: signal 29 (SIGIO) received
2021/08/21 06:34:44 [notice] 1#1: signal 17 (SIGCHLD) received from 26
2021/08/21 06:34:44 [notice] 1#1: worker process 26 exited with code 0
2021/08/21 06:34:44 [notice] 1#1: exit
2021/08/21 06:38:18 [notice] 1#1: using the "epoll" event method
2021/08/21 06:38:18 [notice] 1#1: nginx/1.21.1
2021/08/21 06:38:18 [notice] 1#1: built by gcc 8.3.0 (Debian 8.3.0-6) 
2021/08/21 06:38:18 [notice] 1#1: OS: Linux 5.10.25-linuxkit
2021/08/21 06:38:18 [notice] 1#1: getrlimit(RLIMIT_NOFILE): 1048576:1048576
2021/08/21 06:38:18 [notice] 1#1: start worker processes
2021/08/21 06:38:18 [notice] 1#1: start worker process 24
2021/08/21 06:38:18 [notice] 1#1: start worker process 25
2021/08/21 06:38:18 [notice] 1#1: start worker process 26
2021/08/21 06:38:18 [notice] 1#1: start worker process 27
2021/08/21 06:49:20 [notice] 1#1: signal 3 (SIGQUIT) received, shutting down
2021/08/21 06:49:20 [notice] 24#24: gracefully shutting down
2021/08/21 06:49:20 [notice] 24#24: exiting
2021/08/21 06:49:20 [notice] 25#25: gracefully shutting down
2021/08/21 06:49:20 [notice] 27#27: gracefully shutting down
2021/08/21 06:49:20 [notice] 27#27: exiting
2021/08/21 06:49:20 [notice] 26#26: gracefully shutting down
2021/08/21 06:49:20 [notice] 24#24: exit
2021/08/21 06:49:20 [notice] 25#25: exiting
2021/08/21 06:49:20 [notice] 27#27: exit
2021/08/21 06:49:20 [notice] 26#26: exiting
2021/08/21 06:49:20 [notice] 25#25: exit
2021/08/21 06:49:20 [notice] 26#26: exit
2021/08/21 06:49:20 [notice] 1#1: signal 17 (SIGCHLD) received from 24
2021/08/21 06:49:20 [notice] 1#1: worker process 24 exited with code 0
2021/08/21 06:49:20 [notice] 1#1: signal 29 (SIGIO) received
2021/08/21 06:49:20 [notice] 1#1: signal 17 (SIGCHLD) received from 27
2021/08/21 06:49:20 [notice] 1#1: worker process 27 exited with code 0
2021/08/21 06:49:20 [notice] 1#1: signal 29 (SIGIO) received
2021/08/21 06:49:20 [notice] 1#1: signal 17 (SIGCHLD) received from 26
2021/08/21 06:49:20 [notice] 1#1: worker process 25 exited with code 0
2021/08/21 06:49:20 [notice] 1#1: worker process 26 exited with code 0
2021/08/21 06:49:20 [notice] 1#1: exit
2021/08/21 07:40:48 [notice] 1#1: using the "epoll" event method
2021/08/21 07:40:48 [notice] 1#1: nginx/1.21.1
2021/08/21 07:40:48 [notice] 1#1: built by gcc 8.3.0 (Debian 8.3.0-6) 
2021/08/21 07:40:48 [notice] 1#1: OS: Linux 5.10.25-linuxkit
2021/08/21 07:40:48 [notice] 1#1: getrlimit(RLIMIT_NOFILE): 1048576:1048576
2021/08/21 07:40:48 [notice] 1#1: start worker processes
2021/08/21 07:40:48 [notice] 1#1: start worker process 26
2021/08/21 07:40:48 [notice] 1#1: start worker process 27
2021/08/21 07:40:48 [notice] 1#1: start worker process 28
2021/08/21 07:40:48 [notice] 1#1: start worker process 29
2021/08/21 07:40:58 [notice] 1#1: signal 3 (SIGQUIT) received, shutting down
2021/08/21 07:40:58 [notice] 27#27: gracefully shutting down
2021/08/21 07:40:58 [notice] 26#26: gracefully shutting down
2021/08/21 07:40:58 [notice] 26#26: exiting
2021/08/21 07:40:58 [notice] 28#28: gracefully shutting down
2021/08/21 07:40:58 [notice] 28#28: exiting
2021/08/21 07:40:58 [notice] 29#29: gracefully shutting down
2021/08/21 07:40:58 [notice] 27#27: exiting
2021/08/21 07:40:58 [notice] 26#26: exit
2021/08/21 07:40:58 [notice] 28#28: exit
2021/08/21 07:40:58 [notice] 29#29: exiting
2021/08/21 07:40:58 [notice] 27#27: exit
2021/08/21 07:40:58 [notice] 29#29: exit
2021/08/21 07:40:59 [notice] 1#1: signal 17 (SIGCHLD) received from 26
2021/08/21 07:40:59 [notice] 1#1: worker process 26 exited with code 0
2021/08/21 07:40:59 [notice] 1#1: signal 29 (SIGIO) received
2021/08/21 07:40:59 [notice] 1#1: signal 17 (SIGCHLD) received from 28
2021/08/21 07:40:59 [notice] 1#1: worker process 28 exited with code 0
2021/08/21 07:40:59 [notice] 1#1: signal 29 (SIGIO) received
2021/08/21 07:40:59 [notice] 1#1: signal 17 (SIGCHLD) received from 27
2021/08/21 07:40:59 [notice] 1#1: worker process 27 exited with code 0
2021/08/21 07:40:59 [notice] 1#1: signal 29 (SIGIO) received
2021/08/21 07:40:59 [notice] 1#1: signal 17 (SIGCHLD) received from 29
2021/08/21 07:40:59 [notice] 1#1: worker process 29 exited with code 0
2021/08/21 07:40:59 [notice] 1#1: exit
2021/08/21 07:43:14 [notice] 1#1: using the "epoll" event method
2021/08/21 07:43:14 [notice] 1#1: nginx/1.21.1
2021/08/21 07:43:14 [notice] 1#1: built by gcc 8.3.0 (Debian 8.3.0-6) 
2021/08/21 07:43:14 [notice] 1#1: OS: Linux 5.10.25-linuxkit
2021/08/21 07:43:14 [notice] 1#1: getrlimit(RLIMIT_NOFILE): 1048576:1048576
2021/08/21 07:43:14 [notice] 1#1: start worker processes
2021/08/21 07:43:14 [notice] 1#1: start worker process 23
2021/08/21 07:43:14 [notice] 1#1: start worker process 24
2021/08/21 07:43:14 [notice] 1#1: start worker process 25
2021/08/21 07:43:14 [notice] 1#1: start worker process 26
2021/08/21 07:53:12 [notice] 1#1: signal 3 (SIGQUIT) received, shutting down
2021/08/21 07:53:12 [notice] 25#25: gracefully shutting down
2021/08/21 07:53:12 [notice] 25#25: exiting
2021/08/21 07:53:12 [notice] 23#23: gracefully shutting down
2021/08/21 07:53:12 [notice] 23#23: exiting
2021/08/21 07:53:12 [notice] 26#26: gracefully shutting down
2021/08/21 07:53:12 [notice] 26#26: exiting
2021/08/21 07:53:12 [notice] 24#24: gracefully shutting down
2021/08/21 07:53:12 [notice] 24#24: exiting
2021/08/21 07:53:12 [notice] 25#25: exit
2021/08/21 07:53:12 [notice] 23#23: exit
2021/08/21 07:53:12 [notice] 26#26: exit
2021/08/21 07:53:12 [notice] 24#24: exit
2021/08/21 07:53:12 [notice] 1#1: signal 17 (SIGCHLD) received from 25
2021/08/21 07:53:12 [notice] 1#1: worker process 25 exited with code 0
2021/08/21 07:53:12 [notice] 1#1: signal 29 (SIGIO) received
2021/08/21 07:53:12 [notice] 1#1: signal 17 (SIGCHLD) received from 23
2021/08/21 07:53:12 [notice] 1#1: worker process 23 exited with code 0
2021/08/21 07:53:12 [notice] 1#1: signal 29 (SIGIO) received
2021/08/21 07:53:12 [notice] 1#1: signal 17 (SIGCHLD) received from 24
2021/08/21 07:53:12 [notice] 1#1: worker process 24 exited with code 0
2021/08/21 07:53:12 [notice] 1#1: signal 29 (SIGIO) received
2021/08/21 07:53:12 [notice] 1#1: signal 17 (SIGCHLD) received from 26
2021/08/21 07:53:12 [notice] 1#1: worker process 26 exited with code 0
2021/08/21 07:53:12 [notice] 1#1: exit
2021/08/21 07:53:48 [notice] 1#1: using the "epoll" event method
2021/08/21 07:53:48 [notice] 1#1: nginx/1.21.1
2021/08/21 07:53:48 [notice] 1#1: built by gcc 8.3.0 (Debian 8.3.0-6) 
2021/08/21 07:53:48 [notice] 1#1: OS: Linux 5.10.25-linuxkit
2021/08/21 07:53:48 [notice] 1#1: getrlimit(RLIMIT_NOFILE): 1048576:1048576
2021/08/21 07:53:48 [notice] 1#1: start worker processes
2021/08/21 07:53:48 [notice] 1#1: start worker process 22
2021/08/21 07:53:48 [notice] 1#1: start worker process 23
2021/08/21 07:53:48 [notice] 1#1: start worker process 24
2021/08/21 07:53:48 [notice] 1#1: start worker process 25
2021/08/21 08:08:58 [notice] 1#1: signal 3 (SIGQUIT) received, shutting down
2021/08/21 08:08:58 [notice] 23#23: gracefully shutting down
2021/08/21 08:08:58 [notice] 24#24: gracefully shutting down
2021/08/21 08:08:58 [notice] 22#22: gracefully shutting down
2021/08/21 08:08:58 [notice] 25#25: gracefully shutting down
2021/08/21 08:08:58 [notice] 23#23: exiting
2021/08/21 08:08:58 [notice] 24#24: exiting
2021/08/21 08:08:58 [notice] 22#22: exiting
2021/08/21 08:08:58 [notice] 22#22: exit
2021/08/21 08:08:58 [notice] 25#25: exiting
2021/08/21 08:08:58 [notice] 23#23: exit
2021/08/21 08:08:58 [notice] 24#24: exit
2021/08/21 08:08:58 [notice] 25#25: exit
2021/08/21 08:08:58 [notice] 1#1: signal 17 (SIGCHLD) received from 22
2021/08/21 08:08:58 [notice] 1#1: worker process 22 exited with code 0
2021/08/21 08:08:58 [notice] 1#1: signal 29 (SIGIO) received
2021/08/21 08:08:58 [notice] 1#1: signal 17 (SIGCHLD) received from 23
2021/08/21 08:08:58 [notice] 1#1: worker process 23 exited with code 0
2021/08/21 08:08:58 [notice] 1#1: signal 29 (SIGIO) received
2021/08/21 08:08:58 [notice] 1#1: signal 17 (SIGCHLD) received from 24
2021/08/21 08:08:58 [notice] 1#1: worker process 24 exited with code 0
2021/08/21 08:08:58 [notice] 1#1: worker process 25 exited with code 0
2021/08/21 08:08:58 [notice] 1#1: exit
2021/08/21 11:08:12 [notice] 1#1: using the "epoll" event method
2021/08/21 11:08:12 [notice] 1#1: nginx/1.21.1
2021/08/21 11:08:12 [notice] 1#1: built by gcc 8.3.0 (Debian 8.3.0-6) 
2021/08/21 11:08:12 [notice] 1#1: OS: Linux 5.10.25-linuxkit
2021/08/21 11:08:12 [notice] 1#1: getrlimit(RLIMIT_NOFILE): 1048576:1048576
2021/08/21 11:08:12 [notice] 1#1: start worker processes
2021/08/21 11:08:12 [notice] 1#1: start worker process 23
2021/08/21 11:08:12 [notice] 1#1: start worker process 24
2021/08/21 11:08:12 [notice] 1#1: start worker process 25
2021/08/21 11:08:12 [notice] 1#1: start worker process 26
2021/08/21 11:15:37 [notice] 1#1: signal 3 (SIGQUIT) received, shutting down
2021/08/21 11:15:37 [notice] 23#23: gracefully shutting down
2021/08/21 11:15:37 [notice] 24#24: gracefully shutting down
2021/08/21 11:15:37 [notice] 24#24: exiting
2021/08/21 11:15:37 [notice] 25#25: gracefully shutting down
2021/08/21 11:15:37 [notice] 26#26: gracefully shutting down
2021/08/21 11:15:37 [notice] 23#23: exiting
2021/08/21 11:15:37 [notice] 24#24: exit
2021/08/21 11:15:37 [notice] 25#25: exiting
2021/08/21 11:15:37 [notice] 25#25: exit
2021/08/21 11:15:37 [notice] 26#26: exiting
2021/08/21 11:15:37 [notice] 23#23: exit
2021/08/21 11:15:37 [notice] 26#26: exit
2021/08/21 11:15:37 [notice] 1#1: signal 17 (SIGCHLD) received from 24
2021/08/21 11:15:37 [notice] 1#1: worker process 24 exited with code 0
2021/08/21 11:15:37 [notice] 1#1: signal 29 (SIGIO) received
2021/08/21 11:15:37 [notice] 1#1: signal 17 (SIGCHLD) received from 25
2021/08/21 11:15:37 [notice] 1#1: worker process 25 exited with code 0
2021/08/21 11:15:37 [notice] 1#1: signal 17 (SIGCHLD) received from 23
2021/08/21 11:15:37 [notice] 1#1: worker process 23 exited with code 0
2021/08/21 11:15:37 [notice] 1#1: worker process 26 exited with code 0
2021/08/21 11:15:37 [notice] 1#1: signal 29 (SIGIO) received
2021/08/21 11:15:37 [notice] 1#1: exit
2021/08/21 11:19:22 [notice] 1#1: using the "epoll" event method
2021/08/21 11:19:22 [notice] 1#1: nginx/1.21.1
2021/08/21 11:19:22 [notice] 1#1: built by gcc 8.3.0 (Debian 8.3.0-6) 
2021/08/21 11:19:22 [notice] 1#1: OS: Linux 5.10.25-linuxkit
2021/08/21 11:19:22 [notice] 1#1: getrlimit(RLIMIT_NOFILE): 1048576:1048576
2021/08/21 11:19:22 [notice] 1#1: start worker processes
2021/08/21 11:19:22 [notice] 1#1: start worker process 22
2021/08/21 11:19:22 [notice] 1#1: start worker process 23
2021/08/21 11:19:22 [notice] 1#1: start worker process 24
2021/08/21 11:19:22 [notice] 1#1: start worker process 25
2021/08/21 12:27:53 [notice] 1#1: signal 3 (SIGQUIT) received, shutting down
2021/08/21 12:27:53 [notice] 22#22: gracefully shutting down
2021/08/21 12:27:53 [notice] 24#24: gracefully shutting down
2021/08/21 12:27:53 [notice] 24#24: exiting
2021/08/21 12:27:53 [notice] 25#25: gracefully shutting down
2021/08/21 12:27:53 [notice] 23#23: gracefully shutting down
2021/08/21 12:27:53 [notice] 23#23: exiting
2021/08/21 12:27:53 [notice] 22#22: exiting
2021/08/21 12:27:53 [notice] 24#24: exit
2021/08/21 12:27:53 [notice] 25#25: exiting
2021/08/21 12:27:53 [notice] 23#23: exit
2021/08/21 12:27:53 [notice] 22#22: exit
2021/08/21 12:27:53 [notice] 25#25: exit
2021/08/21 12:27:53 [notice] 1#1: signal 17 (SIGCHLD) received from 24
2021/08/21 12:27:53 [notice] 1#1: worker process 24 exited with code 0
2021/08/21 12:27:53 [notice] 1#1: signal 29 (SIGIO) received
2021/08/21 12:27:53 [notice] 1#1: signal 17 (SIGCHLD) received from 23
2021/08/21 12:27:53 [notice] 1#1: worker process 22 exited with code 0
2021/08/21 12:27:53 [notice] 1#1: worker process 23 exited with code 0
2021/08/21 12:27:53 [notice] 1#1: signal 17 (SIGCHLD) received from 25
2021/08/21 12:27:53 [notice] 1#1: worker process 25 exited with code 0
2021/08/21 12:27:53 [notice] 1#1: exit
2021/08/21 12:47:02 [notice] 1#1: using the "epoll" event method
2021/08/21 12:47:02 [notice] 1#1: nginx/1.21.1
2021/08/21 12:47:02 [notice] 1#1: built by gcc 8.3.0 (Debian 8.3.0-6) 
2021/08/21 12:47:02 [notice] 1#1: OS: Linux 5.10.25-linuxkit
2021/08/21 12:47:02 [notice] 1#1: getrlimit(RLIMIT_NOFILE): 1048576:1048576
2021/08/21 12:47:02 [notice] 1#1: start worker processes
2021/08/21 12:47:02 [notice] 1#1: start worker process 22
2021/08/21 12:47:02 [notice] 1#1: start worker process 23
2021/08/21 12:47:02 [notice] 1#1: start worker process 24
2021/08/21 12:47:02 [notice] 1#1: start worker process 25
2021/08/21 13:10:17 [notice] 1#1: signal 3 (SIGQUIT) received, shutting down
2021/08/21 13:10:17 [notice] 23#23: gracefully shutting down
2021/08/21 13:10:17 [notice] 24#24: gracefully shutting down
2021/08/21 13:10:17 [notice] 22#22: gracefully shutting down
2021/08/21 13:10:17 [notice] 22#22: exiting
2021/08/21 13:10:17 [notice] 25#25: gracefully shutting down
2021/08/21 13:10:17 [notice] 23#23: exiting
2021/08/21 13:10:17 [notice] 23#23: exit
2021/08/21 13:10:17 [notice] 24#24: exiting
2021/08/21 13:10:17 [notice] 22#22: exit
2021/08/21 13:10:17 [notice] 25#25: exiting
2021/08/21 13:10:17 [notice] 24#24: exit
2021/08/21 13:10:17 [notice] 25#25: exit
2021/08/21 13:10:17 [notice] 1#1: signal 17 (SIGCHLD) received from 23
2021/08/21 13:10:17 [notice] 1#1: worker process 23 exited with code 0
2021/08/21 13:10:17 [notice] 1#1: signal 29 (SIGIO) received
2021/08/21 13:10:17 [notice] 1#1: signal 17 (SIGCHLD) received from 22
2021/08/21 13:10:17 [notice] 1#1: worker process 22 exited with code 0
2021/08/21 13:10:17 [notice] 1#1: worker process 24 exited with code 0
2021/08/21 13:10:17 [notice] 1#1: signal 29 (SIGIO) received
2021/08/21 13:10:17 [notice] 1#1: signal 17 (SIGCHLD) received from 25
2021/08/21 13:10:17 [notice] 1#1: worker process 25 exited with code 0
2021/08/21 13:10:17 [notice] 1#1: exit
2021/08/21 13:14:14 [notice] 1#1: using the "epoll" event method
2021/08/21 13:14:14 [notice] 1#1: nginx/1.21.1
2021/08/21 13:14:14 [notice] 1#1: built by gcc 8.3.0 (Debian 8.3.0-6) 
2021/08/21 13:14:14 [notice] 1#1: OS: Linux 5.10.25-linuxkit
2021/08/21 13:14:14 [notice] 1#1: getrlimit(RLIMIT_NOFILE): 1048576:1048576
2021/08/21 13:14:14 [notice] 1#1: start worker processes
2021/08/21 13:14:14 [notice] 1#1: start worker process 24
2021/08/21 13:14:14 [notice] 1#1: start worker process 25
2021/08/21 13:14:14 [notice] 1#1: start worker process 26
2021/08/21 13:14:14 [notice] 1#1: start worker process 27
2021/08/21 13:31:49 [notice] 1#1: signal 3 (SIGQUIT) received, shutting down
2021/08/21 13:31:49 [notice] 25#25: gracefully shutting down
2021/08/21 13:31:49 [notice] 27#27: gracefully shutting down
2021/08/21 13:31:49 [notice] 27#27: exiting
2021/08/21 13:31:49 [notice] 24#24: gracefully shutting down
2021/08/21 13:31:49 [notice] 24#24: exiting
2021/08/21 13:31:49 [notice] 26#26: gracefully shutting down
2021/08/21 13:31:49 [notice] 25#25: exiting
2021/08/21 13:31:49 [notice] 27#27: exit
2021/08/21 13:31:49 [notice] 24#24: exit
2021/08/21 13:31:49 [notice] 26#26: exiting
2021/08/21 13:31:49 [notice] 25#25: exit
2021/08/21 13:31:49 [notice] 26#26: exit
2021/08/21 13:31:49 [notice] 1#1: signal 17 (SIGCHLD) received from 27
2021/08/21 13:31:49 [notice] 1#1: worker process 24 exited with code 0
2021/08/21 13:31:49 [notice] 1#1: worker process 27 exited with code 0
2021/08/21 13:31:49 [notice] 1#1: signal 29 (SIGIO) received
2021/08/21 13:31:49 [notice] 1#1: signal 17 (SIGCHLD) received from 25
2021/08/21 13:31:49 [notice] 1#1: worker process 25 exited with code 0
2021/08/21 13:31:49 [notice] 1#1: worker process 26 exited with code 0
2021/08/21 13:31:49 [notice] 1#1: exit
2021/08/21 13:34:52 [notice] 1#1: using the "epoll" event method
2021/08/21 13:34:52 [notice] 1#1: nginx/1.21.1
2021/08/21 13:34:52 [notice] 1#1: built by gcc 8.3.0 (Debian 8.3.0-6) 
2021/08/21 13:34:52 [notice] 1#1: OS: Linux 5.10.25-linuxkit
2021/08/21 13:34:52 [notice] 1#1: getrlimit(RLIMIT_NOFILE): 1048576:1048576
2021/08/21 13:34:52 [notice] 1#1: start worker processes
2021/08/21 13:34:52 [notice] 1#1: start worker process 24
2021/08/21 13:34:52 [notice] 1#1: start worker process 25
2021/08/21 13:34:52 [notice] 1#1: start worker process 26
2021/08/21 13:34:52 [notice] 1#1: start worker process 27
2021/08/21 13:45:21 [notice] 1#1: signal 3 (SIGQUIT) received, shutting down
2021/08/21 13:45:21 [notice] 24#24: gracefully shutting down
2021/08/21 13:45:21 [notice] 26#26: gracefully shutting down
2021/08/21 13:45:21 [notice] 25#25: gracefully shutting down
2021/08/21 13:45:21 [notice] 25#25: exiting
2021/08/21 13:45:21 [notice] 27#27: gracefully shutting down
2021/08/21 13:45:21 [notice] 24#24: exiting
2021/08/21 13:45:21 [notice] 26#26: exiting
2021/08/21 13:45:21 [notice] 25#25: exit
2021/08/21 13:45:21 [notice] 27#27: exiting
2021/08/21 13:45:21 [notice] 24#24: exit
2021/08/21 13:45:21 [notice] 26#26: exit
2021/08/21 13:45:21 [notice] 27#27: exit
2021/08/21 13:45:21 [notice] 1#1: signal 17 (SIGCHLD) received from 25
2021/08/21 13:45:21 [notice] 1#1: worker process 25 exited with code 0
2021/08/21 13:45:21 [notice] 1#1: signal 29 (SIGIO) received
2021/08/21 13:45:21 [notice] 1#1: signal 17 (SIGCHLD) received from 24
2021/08/21 13:45:21 [notice] 1#1: worker process 24 exited with code 0
2021/08/21 13:45:21 [notice] 1#1: signal 29 (SIGIO) received
2021/08/21 13:45:21 [notice] 1#1: signal 17 (SIGCHLD) received from 26
2021/08/21 13:45:21 [notice] 1#1: worker process 26 exited with code 0
2021/08/21 13:45:21 [notice] 1#1: worker process 27 exited with code 0
2021/08/21 13:45:21 [notice] 1#1: exit
2021/08/21 14:00:20 [notice] 1#1: using the "epoll" event method
2021/08/21 14:00:20 [notice] 1#1: nginx/1.21.1
2021/08/21 14:00:20 [notice] 1#1: built by gcc 8.3.0 (Debian 8.3.0-6) 
2021/08/21 14:00:20 [notice] 1#1: OS: Linux 5.10.25-linuxkit
2021/08/21 14:00:20 [notice] 1#1: getrlimit(RLIMIT_NOFILE): 1048576:1048576
2021/08/21 14:00:20 [notice] 1#1: start worker processes
2021/08/21 14:00:20 [notice] 1#1: start worker process 22
2021/08/21 14:00:20 [notice] 1#1: start worker process 23
2021/08/21 14:00:20 [notice] 1#1: start worker process 24
2021/08/21 14:00:20 [notice] 1#1: start worker process 25
2021/08/22 01:51:31 [notice] 1#1: signal 3 (SIGQUIT) received, shutting down
2021/08/22 01:51:31 [notice] 23#23: gracefully shutting down
2021/08/22 01:51:31 [notice] 24#24: gracefully shutting down
2021/08/22 01:51:31 [notice] 24#24: exiting
2021/08/22 01:51:31 [notice] 25#25: gracefully shutting down
2021/08/22 01:51:31 [notice] 22#22: gracefully shutting down
2021/08/22 01:51:31 [notice] 24#24: exit
2021/08/22 01:51:31 [notice] 23#23: exiting
2021/08/22 01:51:31 [notice] 25#25: exiting
2021/08/22 01:51:31 [notice] 22#22: exiting
2021/08/22 01:51:31 [notice] 23#23: exit
2021/08/22 01:51:31 [notice] 25#25: exit
2021/08/22 01:51:31 [notice] 22#22: exit
2021/08/22 01:51:31 [notice] 1#1: signal 17 (SIGCHLD) received from 23
2021/08/22 01:51:31 [notice] 1#1: worker process 22 exited with code 0
2021/08/22 01:51:31 [notice] 1#1: worker process 23 exited with code 0
2021/08/22 01:51:31 [notice] 1#1: worker process 24 exited with code 0
2021/08/22 01:51:31 [notice] 1#1: worker process 25 exited with code 0
2021/08/22 01:51:31 [notice] 1#1: exit
2021/08/22 05:23:01 [notice] 1#1: using the "epoll" event method
2021/08/22 05:23:01 [notice] 1#1: nginx/1.21.1
2021/08/22 05:23:01 [notice] 1#1: built by gcc 8.3.0 (Debian 8.3.0-6) 
2021/08/22 05:23:01 [notice] 1#1: OS: Linux 5.10.25-linuxkit
2021/08/22 05:23:01 [notice] 1#1: getrlimit(RLIMIT_NOFILE): 1048576:1048576
2021/08/22 05:23:01 [notice] 1#1: start worker processes
2021/08/22 05:23:01 [notice] 1#1: start worker process 23
2021/08/22 05:23:01 [notice] 1#1: start worker process 24
2021/08/22 05:23:01 [notice] 1#1: start worker process 25
2021/08/22 05:23:01 [notice] 1#1: start worker process 26
2021/08/22 05:25:15 [notice] 1#1: signal 3 (SIGQUIT) received, shutting down
2021/08/22 05:25:15 [notice] 24#24: gracefully shutting down
2021/08/22 05:25:15 [notice] 24#24: exiting
2021/08/22 05:25:15 [notice] 23#23: gracefully shutting down
2021/08/22 05:25:15 [notice] 25#25: gracefully shutting down
2021/08/22 05:25:15 [notice] 25#25: exiting
2021/08/22 05:25:15 [notice] 26#26: gracefully shutting down
2021/08/22 05:25:15 [notice] 24#24: exit
2021/08/22 05:25:15 [notice] 23#23: exiting
2021/08/22 05:25:15 [notice] 25#25: exit
2021/08/22 05:25:15 [notice] 26#26: exiting
2021/08/22 05:25:15 [notice] 26#26: exit
2021/08/22 05:25:15 [notice] 23#23: exit
2021/08/22 05:25:15 [notice] 1#1: signal 17 (SIGCHLD) received from 24
2021/08/22 05:25:15 [notice] 1#1: worker process 24 exited with code 0
2021/08/22 05:25:16 [notice] 1#1: signal 29 (SIGIO) received
2021/08/22 05:25:16 [notice] 1#1: signal 17 (SIGCHLD) received from 25
2021/08/22 05:25:16 [notice] 1#1: worker process 25 exited with code 0
2021/08/22 05:25:16 [notice] 1#1: worker process 26 exited with code 0
2021/08/22 05:25:16 [notice] 1#1: signal 29 (SIGIO) received
2021/08/22 05:25:16 [notice] 1#1: signal 17 (SIGCHLD) received from 26
2021/08/22 05:25:16 [notice] 1#1: worker process 23 exited with code 0
2021/08/22 05:25:16 [notice] 1#1: exit
2021/08/22 05:25:28 [notice] 1#1: using the "epoll" event method
2021/08/22 05:25:28 [notice] 1#1: nginx/1.21.1
2021/08/22 05:25:28 [notice] 1#1: built by gcc 8.3.0 (Debian 8.3.0-6) 
2021/08/22 05:25:28 [notice] 1#1: OS: Linux 5.10.25-linuxkit
2021/08/22 05:25:28 [notice] 1#1: getrlimit(RLIMIT_NOFILE): 1048576:1048576
2021/08/22 05:25:28 [notice] 1#1: start worker processes
2021/08/22 05:25:28 [notice] 1#1: start worker process 23
2021/08/22 05:25:28 [notice] 1#1: start worker process 24
2021/08/22 05:25:28 [notice] 1#1: start worker process 25
2021/08/22 05:25:28 [notice] 1#1: start worker process 26
2021/08/22 05:54:52 [notice] 1#1: signal 3 (SIGQUIT) received, shutting down
2021/08/22 05:54:52 [notice] 23#23: gracefully shutting down
2021/08/22 05:54:52 [notice] 24#24: gracefully shutting down
2021/08/22 05:54:52 [notice] 24#24: exiting
2021/08/22 05:54:52 [notice] 25#25: gracefully shutting down
2021/08/22 05:54:52 [notice] 26#26: gracefully shutting down
2021/08/22 05:54:52 [notice] 23#23: exiting
2021/08/22 05:54:52 [notice] 24#24: exit
2021/08/22 05:54:52 [notice] 25#25: exiting
2021/08/22 05:54:52 [notice] 26#26: exiting
2021/08/22 05:54:52 [notice] 26#26: exit
2021/08/22 05:54:52 [notice] 23#23: exit
2021/08/22 05:54:52 [notice] 25#25: exit
2021/08/22 05:54:52 [notice] 1#1: signal 17 (SIGCHLD) received from 23
2021/08/22 05:54:52 [notice] 1#1: worker process 23 exited with code 0
2021/08/22 05:54:52 [notice] 1#1: worker process 24 exited with code 0
2021/08/22 05:54:52 [notice] 1#1: worker process 26 exited with code 0
2021/08/22 05:54:52 [notice] 1#1: signal 29 (SIGIO) received
2021/08/22 05:54:52 [notice] 1#1: signal 17 (SIGCHLD) received from 24
2021/08/22 05:54:52 [notice] 1#1: signal 17 (SIGCHLD) received from 25
2021/08/22 05:54:52 [notice] 1#1: worker process 25 exited with code 0
2021/08/22 05:54:52 [notice] 1#1: exit
2021/08/22 05:55:45 [notice] 1#1: using the "epoll" event method
2021/08/22 05:55:45 [notice] 1#1: nginx/1.21.1
2021/08/22 05:55:45 [notice] 1#1: built by gcc 8.3.0 (Debian 8.3.0-6) 
2021/08/22 05:55:45 [notice] 1#1: OS: Linux 5.10.25-linuxkit
2021/08/22 05:55:45 [notice] 1#1: getrlimit(RLIMIT_NOFILE): 1048576:1048576
2021/08/22 05:55:45 [notice] 1#1: start worker processes
2021/08/22 05:55:45 [notice] 1#1: start worker process 23
2021/08/22 05:55:45 [notice] 1#1: start worker process 24
2021/08/22 05:55:45 [notice] 1#1: start worker process 25
2021/08/22 05:55:45 [notice] 1#1: start worker process 26
2021/08/22 05:55:50 [notice] 1#1: signal 3 (SIGQUIT) received, shutting down
2021/08/22 05:55:50 [notice] 23#23: gracefully shutting down
2021/08/22 05:55:50 [notice] 23#23: exiting
2021/08/22 05:55:50 [notice] 25#25: gracefully shutting down
2021/08/22 05:55:50 [notice] 25#25: exiting
2021/08/22 05:55:50 [notice] 24#24: gracefully shutting down
2021/08/22 05:55:50 [notice] 24#24: exiting
2021/08/22 05:55:50 [notice] 26#26: gracefully shutting down
2021/08/22 05:55:50 [notice] 23#23: exit
2021/08/22 05:55:50 [notice] 25#25: exit
2021/08/22 05:55:50 [notice] 24#24: exit
2021/08/22 05:55:50 [notice] 26#26: exiting
2021/08/22 05:55:50 [notice] 26#26: exit
2021/08/22 05:55:50 [notice] 1#1: signal 17 (SIGCHLD) received from 23
2021/08/22 05:55:50 [notice] 1#1: worker process 23 exited with code 0
2021/08/22 05:55:50 [notice] 1#1: signal 29 (SIGIO) received
2021/08/22 05:55:50 [notice] 1#1: signal 17 (SIGCHLD) received from 24
2021/08/22 05:55:50 [notice] 1#1: worker process 24 exited with code 0
2021/08/22 05:55:50 [notice] 1#1: worker process 25 exited with code 0
2021/08/22 05:55:50 [notice] 1#1: signal 29 (SIGIO) received
2021/08/22 05:55:50 [notice] 1#1: signal 17 (SIGCHLD) received from 26
2021/08/22 05:55:50 [notice] 1#1: worker process 26 exited with code 0
2021/08/22 05:55:50 [notice] 1#1: exit
2021/08/22 05:56:01 [notice] 1#1: using the "epoll" event method
2021/08/22 05:56:01 [notice] 1#1: nginx/1.21.1
2021/08/22 05:56:01 [notice] 1#1: built by gcc 8.3.0 (Debian 8.3.0-6) 
2021/08/22 05:56:01 [notice] 1#1: OS: Linux 5.10.25-linuxkit
2021/08/22 05:56:01 [notice] 1#1: getrlimit(RLIMIT_NOFILE): 1048576:1048576
2021/08/22 05:56:01 [notice] 1#1: start worker processes
2021/08/22 05:56:01 [notice] 1#1: start worker process 22
2021/08/22 05:56:01 [notice] 1#1: start worker process 23
2021/08/22 05:56:01 [notice] 1#1: start worker process 24
2021/08/22 05:56:01 [notice] 1#1: start worker process 25
2021/08/22 06:00:14 [notice] 1#1: signal 3 (SIGQUIT) received, shutting down
2021/08/22 06:00:14 [notice] 23#23: gracefully shutting down
2021/08/22 06:00:14 [notice] 22#22: gracefully shutting down
2021/08/22 06:00:14 [notice] 24#24: gracefully shutting down
2021/08/22 06:00:14 [notice] 23#23: exiting
2021/08/22 06:00:14 [notice] 25#25: gracefully shutting down
2021/08/22 06:00:14 [notice] 25#25: exiting
2021/08/22 06:00:14 [notice] 22#22: exiting
2021/08/22 06:00:14 [notice] 24#24: exiting
2021/08/22 06:00:14 [notice] 23#23: exit
2021/08/22 06:00:14 [notice] 25#25: exit
2021/08/22 06:00:14 [notice] 22#22: exit
2021/08/22 06:00:14 [notice] 24#24: exit
2021/08/22 06:00:14 [notice] 1#1: signal 17 (SIGCHLD) received from 25
2021/08/22 06:00:14 [notice] 1#1: worker process 22 exited with code 0
2021/08/22 06:00:14 [notice] 1#1: worker process 23 exited with code 0
2021/08/22 06:00:14 [notice] 1#1: worker process 25 exited with code 0
2021/08/22 06:00:14 [notice] 1#1: signal 29 (SIGIO) received
2021/08/22 06:00:14 [notice] 1#1: signal 17 (SIGCHLD) received from 24
2021/08/22 06:00:14 [notice] 1#1: worker process 24 exited with code 0
2021/08/22 06:00:14 [notice] 1#1: exit
2021/08/22 06:01:30 [notice] 1#1: using the "epoll" event method
2021/08/22 06:01:30 [notice] 1#1: nginx/1.21.1
2021/08/22 06:01:30 [notice] 1#1: built by gcc 8.3.0 (Debian 8.3.0-6) 
2021/08/22 06:01:30 [notice] 1#1: OS: Linux 5.10.25-linuxkit
2021/08/22 06:01:30 [notice] 1#1: getrlimit(RLIMIT_NOFILE): 1048576:1048576
2021/08/22 06:01:30 [notice] 1#1: start worker processes
2021/08/22 06:01:30 [notice] 1#1: start worker process 22
2021/08/22 06:01:30 [notice] 1#1: start worker process 23
2021/08/22 06:01:30 [notice] 1#1: start worker process 24
2021/08/22 06:01:30 [notice] 1#1: start worker process 25
2021/08/22 06:03:31 [notice] 1#1: signal 3 (SIGQUIT) received, shutting down
2021/08/22 06:03:31 [notice] 23#23: gracefully shutting down
2021/08/22 06:03:31 [notice] 22#22: gracefully shutting down
2021/08/22 06:03:31 [notice] 22#22: exiting
2021/08/22 06:03:31 [notice] 25#25: gracefully shutting down
2021/08/22 06:03:31 [notice] 24#24: gracefully shutting down
2021/08/22 06:03:31 [notice] 23#23: exiting
2021/08/22 06:03:31 [notice] 22#22: exit
2021/08/22 06:03:31 [notice] 25#25: exiting
2021/08/22 06:03:31 [notice] 24#24: exiting
2021/08/22 06:03:31 [notice] 23#23: exit
2021/08/22 06:03:31 [notice] 25#25: exit
2021/08/22 06:03:31 [notice] 24#24: exit
2021/08/22 06:03:31 [notice] 1#1: signal 17 (SIGCHLD) received from 23
2021/08/22 06:03:31 [notice] 1#1: worker process 22 exited with code 0
2021/08/22 06:03:31 [notice] 1#1: worker process 23 exited with code 0
2021/08/22 06:03:31 [notice] 1#1: signal 29 (SIGIO) received
2021/08/22 06:03:31 [notice] 1#1: signal 17 (SIGCHLD) received from 24
2021/08/22 06:03:31 [notice] 1#1: worker process 24 exited with code 0
2021/08/22 06:03:31 [notice] 1#1: worker process 25 exited with code 0
2021/08/22 06:03:31 [notice] 1#1: exit
2021/08/22 06:03:35 [emerg] 1#1: invalid URL prefix in /etc/nginx/conf.d/nginx.conf:6
2021/08/22 06:03:41 [emerg] 1#1: invalid URL prefix in /etc/nginx/conf.d/nginx.conf:6
2021/08/22 06:03:45 [emerg] 1#1: invalid URL prefix in /etc/nginx/conf.d/nginx.conf:6
2021/08/22 06:03:49 [emerg] 1#1: invalid URL prefix in /etc/nginx/conf.d/nginx.conf:6
2021/08/22 06:03:53 [emerg] 1#1: invalid URL prefix in /etc/nginx/conf.d/nginx.conf:6
2021/08/22 06:03:57 [emerg] 1#1: invalid URL prefix in /etc/nginx/conf.d/nginx.conf:6
2021/08/22 06:04:04 [emerg] 1#1: invalid URL prefix in /etc/nginx/conf.d/nginx.conf:6
2021/08/22 06:04:13 [emerg] 1#1: invalid URL prefix in /etc/nginx/conf.d/nginx.conf:6
2021/08/22 06:04:29 [emerg] 1#1: invalid URL prefix in /etc/nginx/conf.d/nginx.conf:6
2021/08/22 06:04:57 [emerg] 1#1: invalid URL prefix in /etc/nginx/conf.d/nginx.conf:6
2021/08/22 06:05:52 [notice] 1#1: using the "epoll" event method
2021/08/22 06:05:52 [notice] 1#1: nginx/1.21.1
2021/08/22 06:05:52 [notice] 1#1: built by gcc 8.3.0 (Debian 8.3.0-6) 
2021/08/22 06:05:52 [notice] 1#1: OS: Linux 5.10.25-linuxkit
2021/08/22 06:05:52 [notice] 1#1: getrlimit(RLIMIT_NOFILE): 1048576:1048576
2021/08/22 06:05:52 [notice] 1#1: start worker processes
2021/08/22 06:05:52 [notice] 1#1: start worker process 22
2021/08/22 06:05:52 [notice] 1#1: start worker process 23
2021/08/22 06:05:52 [notice] 1#1: start worker process 24
2021/08/22 06:05:52 [notice] 1#1: start worker process 25
2021/08/22 06:05:56 [notice] 1#1: signal 3 (SIGQUIT) received, shutting down
2021/08/22 06:05:56 [notice] 22#22: gracefully shutting down
2021/08/22 06:05:56 [notice] 22#22: exiting
2021/08/22 06:05:56 [notice] 23#23: gracefully shutting down
2021/08/22 06:05:56 [notice] 24#24: gracefully shutting down
2021/08/22 06:05:56 [notice] 25#25: gracefully shutting down
2021/08/22 06:05:56 [notice] 22#22: exit
2021/08/22 06:05:56 [notice] 23#23: exiting
2021/08/22 06:05:56 [notice] 24#24: exiting
2021/08/22 06:05:56 [notice] 25#25: exiting
2021/08/22 06:05:56 [notice] 23#23: exit
2021/08/22 06:05:56 [notice] 24#24: exit
2021/08/22 06:05:56 [notice] 25#25: exit
2021/08/22 06:05:56 [notice] 1#1: signal 17 (SIGCHLD) received from 22
2021/08/22 06:05:56 [notice] 1#1: worker process 22 exited with code 0
2021/08/22 06:05:56 [notice] 1#1: signal 29 (SIGIO) received
2021/08/22 06:05:56 [notice] 1#1: signal 17 (SIGCHLD) received from 23
2021/08/22 06:05:56 [notice] 1#1: worker process 23 exited with code 0
2021/08/22 06:05:56 [notice] 1#1: worker process 24 exited with code 0
2021/08/22 06:05:56 [notice] 1#1: signal 29 (SIGIO) received
2021/08/22 06:05:56 [notice] 1#1: signal 17 (SIGCHLD) received from 25
2021/08/22 06:05:56 [notice] 1#1: worker process 25 exited with code 0
2021/08/22 06:05:56 [notice] 1#1: exit
2021/08/22 06:06:00 [notice] 1#1: using the "epoll" event method
2021/08/22 06:06:00 [notice] 1#1: nginx/1.21.1
2021/08/22 06:06:00 [notice] 1#1: built by gcc 8.3.0 (Debian 8.3.0-6) 
2021/08/22 06:06:00 [notice] 1#1: OS: Linux 5.10.25-linuxkit
2021/08/22 06:06:00 [notice] 1#1: getrlimit(RLIMIT_NOFILE): 1048576:1048576
2021/08/22 06:06:00 [notice] 1#1: start worker processes
2021/08/22 06:06:00 [notice] 1#1: start worker process 23
2021/08/22 06:06:00 [notice] 1#1: start worker process 24
2021/08/22 06:06:00 [notice] 1#1: start worker process 25
2021/08/22 06:06:00 [notice] 1#1: start worker process 26
2021/08/22 06:06:04 [error] 23#23: *1 connect() failed (111: Connection refused) while connecting to upstream, client: 172.22.0.1, server: , request: "GET /ShortUrl?url=1 HTTP/1.1", upstream: "http://127.0.0.1:5000/ShortUrl?url=1", host: "127.0.0.1"
2021/08/22 06:06:04 [warn] 23#23: *1 upstream server temporarily disabled while connecting to upstream, client: 172.22.0.1, server: , request: "GET /ShortUrl?url=1 HTTP/1.1", upstream: "http://127.0.0.1:5000/ShortUrl?url=1", host: "127.0.0.1"
2021/08/22 06:06:04 [error] 23#23: *1 connect() failed (111: Connection refused) while connecting to upstream, client: 172.22.0.1, server: , request: "GET /ShortUrl?url=1 HTTP/1.1", upstream: "http://127.0.0.1:5000/ShortUrl?url=1", host: "127.0.0.1"
2021/08/22 06:06:04 [warn] 23#23: *1 upstream server temporarily disabled while connecting to upstream, client: 172.22.0.1, server: , request: "GET /ShortUrl?url=1 HTTP/1.1", upstream: "http://127.0.0.1:5000/ShortUrl?url=1", host: "127.0.0.1"
2021/08/22 06:06:05 [error] 23#23: *1 no live upstreams while connecting to upstream, client: 172.22.0.1, server: , request: "GET /favicon.ico HTTP/1.1", upstream: "http://localhost/favicon.ico", host: "127.0.0.1", referrer: "http://127.0.0.1/ShortUrl?url=1"
2021/08/22 06:06:05 [error] 23#23: *1 no live upstreams while connecting to upstream, client: 172.22.0.1, server: , request: "GET /ShortUrl/psl HTTP/1.1", upstream: "http://localhost/ShortUrl/psl", host: "127.0.0.1"
2021/08/22 06:06:05 [error] 24#24: *4 connect() failed (111: Connection refused) while connecting to upstream, client: 172.22.0.1, server: , request: "GET /ShortUrl/iframe HTTP/1.1", upstream: "http://127.0.0.1:5000/ShortUrl/iframe", host: "127.0.0.1"
2021/08/22 06:06:05 [warn] 24#24: *4 upstream server temporarily disabled while connecting to upstream, client: 172.22.0.1, server: , request: "GET /ShortUrl/iframe HTTP/1.1", upstream: "http://127.0.0.1:5000/ShortUrl/iframe", host: "127.0.0.1"
2021/08/22 06:06:05 [error] 24#24: *5 connect() failed (111: Connection refused) while connecting to upstream, client: 172.22.0.1, server: , request: "GET /ShortUrl/jQuery HTTP/1.1", upstream: "http://127.0.0.1:5000/ShortUrl/jQuery", host: "127.0.0.1"
2021/08/22 06:06:05 [warn] 24#24: *5 upstream server temporarily disabled while connecting to upstream, client: 172.22.0.1, server: , request: "GET /ShortUrl/jQuery HTTP/1.1", upstream: "http://127.0.0.1:5000/ShortUrl/jQuery", host: "127.0.0.1"
2021/08/22 06:06:05 [error] 24#24: *5 no live upstreams while connecting to upstream, client: 172.22.0.1, server: , request: "GET /ShortUrl/jQuery HTTP/1.1", upstream: "http://localhost/ShortUrl/jQuery", host: "127.0.0.1"
2021/08/22 06:06:05 [error] 24#24: *4 connect() failed (111: Connection refused) while connecting to upstream, client: 172.22.0.1, server: , request: "GET /ShortUrl/iframe HTTP/1.1", upstream: "http://127.0.0.1:5000/ShortUrl/iframe", host: "127.0.0.1"
2021/08/22 06:06:05 [warn] 24#24: *4 upstream server temporarily disabled while connecting to upstream, client: 172.22.0.1, server: , request: "GET /ShortUrl/iframe HTTP/1.1", upstream: "http://127.0.0.1:5000/ShortUrl/iframe", host: "127.0.0.1"
2021/08/22 06:06:06 [error] 24#24: *4 no live upstreams while connecting to upstream, client: 172.22.0.1, server: , request: "GET /ShortUrl?url=1 HTTP/1.1", upstream: "http://localhost/ShortUrl?url=1", host: "127.0.0.1"
2021/08/22 06:06:06 [error] 24#24: *4 no live upstreams while connecting to upstream, client: 172.22.0.1, server: , request: "GET /favicon.ico HTTP/1.1", upstream: "http://localhost/favicon.ico", host: "127.0.0.1", referrer: "http://127.0.0.1/ShortUrl?url=1"
2021/08/22 06:06:06 [error] 24#24: *4 no live upstreams while connecting to upstream, client: 172.22.0.1, server: , request: "GET /ShortUrl/psl HTTP/1.1", upstream: "http://localhost/ShortUrl/psl", host: "127.0.0.1"
2021/08/22 06:06:06 [error] 23#23: *1 no live upstreams while connecting to upstream, client: 172.22.0.1, server: , request: "GET /ShortUrl/jQuery HTTP/1.1", upstream: "http://localhost/ShortUrl/jQuery", host: "127.0.0.1"
2021/08/22 06:06:06 [error] 24#24: *5 no live upstreams while connecting to upstream, client: 172.22.0.1, server: , request: "GET /ShortUrl/iframe HTTP/1.1", upstream: "http://localhost/ShortUrl/iframe", host: "127.0.0.1"
2021/08/22 06:06:58 [notice] 1#1: signal 3 (SIGQUIT) received, shutting down
2021/08/22 06:06:58 [notice] 23#23: gracefully shutting down
2021/08/22 06:06:58 [notice] 25#25: gracefully shutting down
2021/08/22 06:06:58 [notice] 25#25: exiting
2021/08/22 06:06:58 [notice] 26#26: gracefully shutting down
2021/08/22 06:06:58 [notice] 26#26: exiting
2021/08/22 06:06:58 [notice] 24#24: gracefully shutting down
2021/08/22 06:06:58 [notice] 23#23: exiting
2021/08/22 06:06:58 [notice] 25#25: exit
2021/08/22 06:06:58 [notice] 26#26: exit
2021/08/22 06:06:58 [notice] 24#24: exiting
2021/08/22 06:06:58 [notice] 23#23: exit
2021/08/22 06:06:58 [notice] 24#24: exit
2021/08/22 06:06:58 [notice] 1#1: signal 17 (SIGCHLD) received from 25
2021/08/22 06:06:58 [notice] 1#1: worker process 23 exited with code 0
2021/08/22 06:06:58 [notice] 1#1: worker process 25 exited with code 0
2021/08/22 06:06:58 [notice] 1#1: signal 29 (SIGIO) received
2021/08/22 06:06:58 [notice] 1#1: signal 17 (SIGCHLD) received from 26
2021/08/22 06:06:58 [notice] 1#1: worker process 26 exited with code 0
2021/08/22 06:06:58 [notice] 1#1: signal 29 (SIGIO) received
2021/08/22 06:06:58 [notice] 1#1: signal 17 (SIGCHLD) received from 24
2021/08/22 06:06:58 [notice] 1#1: worker process 24 exited with code 0
2021/08/22 06:06:58 [notice] 1#1: exit
2021/08/22 06:07:02 [notice] 1#1: using the "epoll" event method
2021/08/22 06:07:02 [notice] 1#1: nginx/1.21.1
2021/08/22 06:07:02 [notice] 1#1: built by gcc 8.3.0 (Debian 8.3.0-6) 
2021/08/22 06:07:02 [notice] 1#1: OS: Linux 5.10.25-linuxkit
2021/08/22 06:07:02 [notice] 1#1: getrlimit(RLIMIT_NOFILE): 1048576:1048576
2021/08/22 06:07:02 [notice] 1#1: start worker processes
2021/08/22 06:07:02 [notice] 1#1: start worker process 24
2021/08/22 06:07:02 [notice] 1#1: start worker process 25
2021/08/22 06:07:02 [notice] 1#1: start worker process 26
2021/08/22 06:07:02 [notice] 1#1: start worker process 27
2021/08/22 11:32:31 [notice] 1#1: using the "epoll" event method
2021/08/22 11:32:31 [notice] 1#1: nginx/1.21.1
2021/08/22 11:32:31 [notice] 1#1: built by gcc 8.3.0 (Debian 8.3.0-6) 
2021/08/22 11:32:31 [notice] 1#1: OS: Linux 5.10.25-linuxkit
2021/08/22 11:32:31 [notice] 1#1: getrlimit(RLIMIT_NOFILE): 1048576:1048576
2021/08/22 11:32:31 [notice] 1#1: start worker processes
2021/08/22 11:32:31 [notice] 1#1: start worker process 22
2021/08/22 11:32:31 [notice] 1#1: start worker process 23
2021/08/22 11:32:31 [notice] 1#1: start worker process 24
2021/08/22 11:32:31 [notice] 1#1: start worker process 25
2021/08/22 11:42:56 [notice] 1#1: signal 3 (SIGQUIT) received, shutting down
2021/08/22 11:42:56 [notice] 22#22: gracefully shutting down
2021/08/22 11:42:56 [notice] 22#22: exiting
2021/08/22 11:42:56 [notice] 23#23: gracefully shutting down
2021/08/22 11:42:56 [notice] 24#24: gracefully shutting down
2021/08/22 11:42:56 [notice] 25#25: gracefully shutting down
2021/08/22 11:42:56 [notice] 22#22: exit
2021/08/22 11:42:56 [notice] 23#23: exiting
2021/08/22 11:42:56 [notice] 24#24: exiting
2021/08/22 11:42:56 [notice] 25#25: exiting
2021/08/22 11:42:56 [notice] 25#25: exit
2021/08/22 11:42:56 [notice] 23#23: exit
2021/08/22 11:42:56 [notice] 24#24: exit
2021/08/22 11:42:56 [notice] 1#1: signal 17 (SIGCHLD) received from 22
2021/08/22 11:42:56 [notice] 1#1: worker process 22 exited with code 0
2021/08/22 11:42:56 [notice] 1#1: worker process 24 exited with code 0
2021/08/22 11:42:56 [notice] 1#1: signal 29 (SIGIO) received
2021/08/22 11:42:56 [notice] 1#1: signal 17 (SIGCHLD) received from 25
2021/08/22 11:42:56 [notice] 1#1: worker process 23 exited with code 0
2021/08/22 11:42:56 [notice] 1#1: worker process 25 exited with code 0
2021/08/22 11:42:56 [notice] 1#1: exit
2021/08/22 11:43:21 [notice] 1#1: using the "epoll" event method
2021/08/22 11:43:21 [notice] 1#1: nginx/1.21.1
2021/08/22 11:43:21 [notice] 1#1: built by gcc 8.3.0 (Debian 8.3.0-6) 
2021/08/22 11:43:21 [notice] 1#1: OS: Linux 5.10.25-linuxkit
2021/08/22 11:43:21 [notice] 1#1: getrlimit(RLIMIT_NOFILE): 1048576:1048576
2021/08/22 11:43:21 [notice] 1#1: start worker processes
2021/08/22 11:43:21 [notice] 1#1: start worker process 23
2021/08/22 11:43:21 [notice] 1#1: start worker process 24
2021/08/22 11:43:21 [notice] 1#1: start worker process 25
2021/08/22 11:43:21 [notice] 1#1: start worker process 26
2021/08/22 11:45:41 [notice] 1#1: signal 3 (SIGQUIT) received, shutting down
2021/08/22 11:45:41 [notice] 24#24: gracefully shutting down
2021/08/22 11:45:41 [notice] 24#24: exiting
2021/08/22 11:45:41 [notice] 23#23: gracefully shutting down
2021/08/22 11:45:41 [notice] 25#25: gracefully shutting down
2021/08/22 11:45:41 [notice] 26#26: gracefully shutting down
2021/08/22 11:45:41 [notice] 24#24: exit
2021/08/22 11:45:41 [notice] 23#23: exiting
2021/08/22 11:45:41 [notice] 25#25: exiting
2021/08/22 11:45:41 [notice] 26#26: exiting
2021/08/22 11:45:41 [notice] 23#23: exit
2021/08/22 11:45:41 [notice] 25#25: exit
2021/08/22 11:45:41 [notice] 26#26: exit
2021/08/22 11:45:41 [notice] 1#1: signal 17 (SIGCHLD) received from 24
2021/08/22 11:45:41 [notice] 1#1: worker process 24 exited with code 0
2021/08/22 11:45:41 [notice] 1#1: signal 29 (SIGIO) received
2021/08/22 11:45:41 [notice] 1#1: signal 17 (SIGCHLD) received from 23
2021/08/22 11:45:41 [notice] 1#1: worker process 23 exited with code 0
2021/08/22 11:45:41 [notice] 1#1: signal 29 (SIGIO) received
2021/08/22 11:45:41 [notice] 1#1: signal 17 (SIGCHLD) received from 26
2021/08/22 11:45:41 [notice] 1#1: worker process 25 exited with code 0
2021/08/22 11:45:41 [notice] 1#1: worker process 26 exited with code 0
2021/08/22 11:45:41 [notice] 1#1: signal 17 (SIGCHLD) received from 25
2021/08/22 11:45:41 [notice] 1#1: exit
2021/08/22 11:45:54 [notice] 1#1: using the "epoll" event method
2021/08/22 11:45:54 [notice] 1#1: nginx/1.21.1
2021/08/22 11:45:54 [notice] 1#1: built by gcc 8.3.0 (Debian 8.3.0-6) 
2021/08/22 11:45:54 [notice] 1#1: OS: Linux 5.10.25-linuxkit
2021/08/22 11:45:54 [notice] 1#1: getrlimit(RLIMIT_NOFILE): 1048576:1048576
2021/08/22 11:45:54 [notice] 1#1: start worker processes
2021/08/22 11:45:54 [notice] 1#1: start worker process 23
2021/08/22 11:45:54 [notice] 1#1: start worker process 24
2021/08/22 11:45:54 [notice] 1#1: start worker process 25
2021/08/22 11:45:54 [notice] 1#1: start worker process 26
2021/08/22 11:52:11 [notice] 1#1: signal 3 (SIGQUIT) received, shutting down
2021/08/22 11:52:11 [notice] 23#23: gracefully shutting down
2021/08/22 11:52:11 [notice] 23#23: exiting
2021/08/22 11:52:11 [notice] 25#25: gracefully shutting down
2021/08/22 11:52:11 [notice] 25#25: exiting
2021/08/22 11:52:11 [notice] 24#24: gracefully shutting down
2021/08/22 11:52:11 [notice] 26#26: gracefully shutting down
2021/08/22 11:52:11 [notice] 23#23: exit
2021/08/22 11:52:11 [notice] 25#25: exit
2021/08/22 11:52:11 [notice] 24#24: exiting
2021/08/22 11:52:11 [notice] 26#26: exiting
2021/08/22 11:52:11 [notice] 24#24: exit
2021/08/22 11:52:11 [notice] 26#26: exit
2021/08/22 11:52:11 [notice] 1#1: signal 17 (SIGCHLD) received from 25
2021/08/22 11:52:11 [notice] 1#1: worker process 23 exited with code 0
2021/08/22 11:52:11 [notice] 1#1: worker process 25 exited with code 0
2021/08/22 11:52:11 [notice] 1#1: signal 29 (SIGIO) received
2021/08/22 11:52:11 [notice] 1#1: signal 17 (SIGCHLD) received from 26
2021/08/22 11:52:11 [notice] 1#1: worker process 26 exited with code 0
2021/08/22 11:52:11 [notice] 1#1: signal 29 (SIGIO) received
2021/08/22 11:52:11 [notice] 1#1: signal 17 (SIGCHLD) received from 24
2021/08/22 11:52:11 [notice] 1#1: worker process 24 exited with code 0
2021/08/22 11:52:11 [notice] 1#1: exit
2021/08/22 11:54:05 [notice] 1#1: using the "epoll" event method
2021/08/22 11:54:05 [notice] 1#1: nginx/1.21.1
2021/08/22 11:54:05 [notice] 1#1: built by gcc 8.3.0 (Debian 8.3.0-6) 
2021/08/22 11:54:05 [notice] 1#1: OS: Linux 5.10.25-linuxkit
2021/08/22 11:54:05 [notice] 1#1: getrlimit(RLIMIT_NOFILE): 1048576:1048576
2021/08/22 11:54:05 [notice] 1#1: start worker processes
2021/08/22 11:54:05 [notice] 1#1: start worker process 23
2021/08/22 11:54:05 [notice] 1#1: start worker process 24
2021/08/22 11:54:05 [notice] 1#1: start worker process 25
2021/08/22 11:54:05 [notice] 1#1: start worker process 26
2021/08/22 12:19:27 [notice] 1#1: signal 3 (SIGQUIT) received, shutting down
2021/08/22 12:19:27 [notice] 23#23: gracefully shutting down
2021/08/22 12:19:27 [notice] 23#23: exiting
2021/08/22 12:19:27 [notice] 24#24: gracefully shutting down
2021/08/22 12:19:27 [notice] 24#24: exiting
2021/08/22 12:19:27 [notice] 26#26: gracefully shutting down
2021/08/22 12:19:27 [notice] 25#25: gracefully shutting down
2021/08/22 12:19:27 [notice] 23#23: exit
2021/08/22 12:19:27 [notice] 24#24: exit
2021/08/22 12:19:27 [notice] 26#26: exiting
2021/08/22 12:19:27 [notice] 25#25: exiting
2021/08/22 12:19:27 [notice] 25#25: exit
2021/08/22 12:19:27 [notice] 26#26: exit
2021/08/22 12:19:27 [notice] 1#1: signal 17 (SIGCHLD) received from 23
2021/08/22 12:19:27 [notice] 1#1: worker process 23 exited with code 0
2021/08/22 12:19:27 [notice] 1#1: signal 17 (SIGCHLD) received from 24
2021/08/22 12:19:27 [notice] 1#1: worker process 24 exited with code 0
2021/08/22 12:19:27 [notice] 1#1: signal 29 (SIGIO) received
2021/08/22 12:19:27 [notice] 1#1: signal 29 (SIGIO) received
2021/08/22 12:19:27 [notice] 1#1: signal 17 (SIGCHLD) received from 25
2021/08/22 12:19:27 [notice] 1#1: worker process 25 exited with code 0
2021/08/22 12:19:27 [notice] 1#1: signal 29 (SIGIO) received
2021/08/22 12:19:27 [notice] 1#1: signal 17 (SIGCHLD) received from 26
2021/08/22 12:19:27 [notice] 1#1: worker process 26 exited with code 0
2021/08/22 12:19:27 [notice] 1#1: exit
2021/08/22 12:29:26 [notice] 1#1: using the "epoll" event method
2021/08/22 12:29:26 [notice] 1#1: nginx/1.21.1
2021/08/22 12:29:26 [notice] 1#1: built by gcc 8.3.0 (Debian 8.3.0-6) 
2021/08/22 12:29:26 [notice] 1#1: OS: Linux 5.10.25-linuxkit
2021/08/22 12:29:26 [notice] 1#1: getrlimit(RLIMIT_NOFILE): 1048576:1048576
2021/08/22 12:29:26 [notice] 1#1: start worker processes
2021/08/22 12:29:26 [notice] 1#1: start worker process 24
2021/08/22 12:29:26 [notice] 1#1: start worker process 25
2021/08/22 12:29:26 [notice] 1#1: start worker process 26
2021/08/22 12:29:26 [notice] 1#1: start worker process 27
2021/08/22 12:30:14 [notice] 1#1: signal 3 (SIGQUIT) received, shutting down
2021/08/22 12:30:14 [notice] 24#24: gracefully shutting down
2021/08/22 12:30:14 [notice] 24#24: exiting
2021/08/22 12:30:14 [notice] 25#25: gracefully shutting down
2021/08/22 12:30:14 [notice] 27#27: gracefully shutting down
2021/08/22 12:30:14 [notice] 26#26: gracefully shutting down
2021/08/22 12:30:14 [notice] 24#24: exit
2021/08/22 12:30:14 [notice] 25#25: exiting
2021/08/22 12:30:14 [notice] 27#27: exiting
2021/08/22 12:30:14 [notice] 26#26: exiting
2021/08/22 12:30:14 [notice] 25#25: exit
2021/08/22 12:30:14 [notice] 27#27: exit
2021/08/22 12:30:14 [notice] 26#26: exit
2021/08/22 12:30:14 [notice] 1#1: signal 17 (SIGCHLD) received from 24
2021/08/22 12:30:14 [notice] 1#1: worker process 24 exited with code 0
2021/08/22 12:30:14 [notice] 1#1: signal 29 (SIGIO) received
2021/08/22 12:30:14 [notice] 1#1: signal 17 (SIGCHLD) received from 25
2021/08/22 12:30:14 [notice] 1#1: worker process 25 exited with code 0
2021/08/22 12:30:14 [notice] 1#1: signal 29 (SIGIO) received
2021/08/22 12:30:14 [notice] 1#1: signal 17 (SIGCHLD) received from 26
2021/08/22 12:30:14 [notice] 1#1: worker process 26 exited with code 0
2021/08/22 12:30:14 [notice] 1#1: worker process 27 exited with code 0
2021/08/22 12:30:14 [notice] 1#1: exit
